<?xml version="1.0" encoding="UTF-8"?>
<testsuite xmlns:xsi="http://www.w3.org/2001/XMLSchema-instance" xsi:noNamespaceSchemaLocation="https://maven.apache.org/surefire/maven-surefire-plugin/xsd/surefire-test-report-3.0.xsd" version="3.0" name="com.udacity.catpoint.security.service.SecurityServiceTest" time="1.341" tests="20" errors="0" skipped="0" failures="0">
  <properties>
    <property name="java.specification.version" value="16"/>
    <property name="sun.cpu.isalist" value="amd64"/>
    <property name="sun.jnu.encoding" value="Cp1252"/>
    <property name="java.class.path" value="C:\Program Files\JetBrains\IntelliJ IDEA Community Edition 2020.3.2\workspace\udasecurity\nd079-c3-java-application-deployment-projectstarter\starter\catpoint-parent\Security\target\test-classes;C:\Program Files\JetBrains\IntelliJ IDEA Community Edition 2020.3.2\workspace\udasecurity\nd079-c3-java-application-deployment-projectstarter\starter\catpoint-parent\Security\target\classes;C:\Users\toons\.m2\repository\com\miglayout\miglayout\3.5.5\miglayout-3.5.5.jar;C:\Users\toons\.m2\repository\com\google\guava\guava\13.0-rc1\guava-13.0-rc1.jar;C:\Users\toons\.m2\repository\com\google\code\gson\gson\2.8.5\gson-2.8.5.jar;C:\Program Files\JetBrains\IntelliJ IDEA Community Edition 2020.3.2\workspace\udasecurity\nd079-c3-java-application-deployment-projectstarter\starter\catpoint-parent\Image\target\classes;C:\Users\toons\.m2\repository\software\amazon\awssdk\auth\2.15.0\auth-2.15.0.jar;C:\Users\toons\.m2\repository\software\amazon\awssdk\annotations\2.15.0\annotations-2.15.0.jar;C:\Users\toons\.m2\repository\software\amazon\awssdk\utils\2.15.0\utils-2.15.0.jar;C:\Users\toons\.m2\repository\org\reactivestreams\reactive-streams\1.0.2\reactive-streams-1.0.2.jar;C:\Users\toons\.m2\repository\org\slf4j\slf4j-api\1.7.28\slf4j-api-1.7.28.jar;C:\Users\toons\.m2\repository\software\amazon\awssdk\sdk-core\2.15.0\sdk-core-2.15.0.jar;C:\Users\toons\.m2\repository\com\fasterxml\jackson\core\jackson-core\2.10.4\jackson-core-2.10.4.jar;C:\Users\toons\.m2\repository\software\amazon\awssdk\regions\2.15.0\regions-2.15.0.jar;C:\Users\toons\.m2\repository\com\fasterxml\jackson\core\jackson-annotations\2.10.4\jackson-annotations-2.10.4.jar;C:\Users\toons\.m2\repository\software\amazon\awssdk\profiles\2.15.0\profiles-2.15.0.jar;C:\Users\toons\.m2\repository\software\amazon\awssdk\http-client-spi\2.15.0\http-client-spi-2.15.0.jar;C:\Users\toons\.m2\repository\com\fasterxml\jackson\core\jackson-databind\2.10.4\jackson-databind-2.10.4.jar;C:\Users\toons\.m2\repository\software\amazon\eventstream\eventstream\1.0.1\eventstream-1.0.1.jar;C:\Users\toons\.m2\repository\software\amazon\awssdk\rekognition\2.15.0\rekognition-2.15.0.jar;C:\Users\toons\.m2\repository\software\amazon\awssdk\aws-json-protocol\2.15.0\aws-json-protocol-2.15.0.jar;C:\Users\toons\.m2\repository\software\amazon\awssdk\protocol-core\2.15.0\protocol-core-2.15.0.jar;C:\Users\toons\.m2\repository\software\amazon\awssdk\aws-core\2.15.0\aws-core-2.15.0.jar;C:\Users\toons\.m2\repository\software\amazon\awssdk\metrics-spi\2.15.0\metrics-spi-2.15.0.jar;C:\Users\toons\.m2\repository\software\amazon\awssdk\apache-client\2.15.0\apache-client-2.15.0.jar;C:\Users\toons\.m2\repository\org\apache\httpcomponents\httpclient\4.5.9\httpclient-4.5.9.jar;C:\Users\toons\.m2\repository\commons-logging\commons-logging\1.2\commons-logging-1.2.jar;C:\Users\toons\.m2\repository\commons-codec\commons-codec\1.11\commons-codec-1.11.jar;C:\Users\toons\.m2\repository\org\apache\httpcomponents\httpcore\4.4.11\httpcore-4.4.11.jar;C:\Users\toons\.m2\repository\software\amazon\awssdk\netty-nio-client\2.15.0\netty-nio-client-2.15.0.jar;C:\Users\toons\.m2\repository\io\netty\netty-codec-http\4.1.46.Final\netty-codec-http-4.1.46.Final.jar;C:\Users\toons\.m2\repository\io\netty\netty-codec-http2\4.1.46.Final\netty-codec-http2-4.1.46.Final.jar;C:\Users\toons\.m2\repository\io\netty\netty-codec\4.1.46.Final\netty-codec-4.1.46.Final.jar;C:\Users\toons\.m2\repository\io\netty\netty-transport\4.1.46.Final\netty-transport-4.1.46.Final.jar;C:\Users\toons\.m2\repository\io\netty\netty-resolver\4.1.46.Final\netty-resolver-4.1.46.Final.jar;C:\Users\toons\.m2\repository\io\netty\netty-common\4.1.46.Final\netty-common-4.1.46.Final.jar;C:\Users\toons\.m2\repository\io\netty\netty-buffer\4.1.46.Final\netty-buffer-4.1.46.Final.jar;C:\Users\toons\.m2\repository\io\netty\netty-handler\4.1.46.Final\netty-handler-4.1.46.Final.jar;C:\Users\toons\.m2\repository\io\netty\netty-transport-native-epoll\4.1.46.Final\netty-transport-native-epoll-4.1.46.Final-linux-x86_64.jar;C:\Users\toons\.m2\repository\io\netty\netty-transport-native-unix-common\4.1.46.Final\netty-transport-native-unix-common-4.1.46.Final.jar;C:\Users\toons\.m2\repository\com\typesafe\netty\netty-reactive-streams-http\2.0.4\netty-reactive-streams-http-2.0.4.jar;C:\Users\toons\.m2\repository\com\typesafe\netty\netty-reactive-streams\2.0.4\netty-reactive-streams-2.0.4.jar;C:\Users\toons\.m2\repository\org\junit\jupiter\junit-jupiter-api\5.7.0\junit-jupiter-api-5.7.0.jar;C:\Users\toons\.m2\repository\org\apiguardian\apiguardian-api\1.1.0\apiguardian-api-1.1.0.jar;C:\Users\toons\.m2\repository\org\opentest4j\opentest4j\1.2.0\opentest4j-1.2.0.jar;C:\Users\toons\.m2\repository\org\junit\platform\junit-platform-commons\1.7.0\junit-platform-commons-1.7.0.jar;C:\Users\toons\.m2\repository\org\junit\jupiter\junit-jupiter-engine\5.7.0\junit-jupiter-engine-5.7.0.jar;C:\Users\toons\.m2\repository\org\junit\platform\junit-platform-engine\1.7.0\junit-platform-engine-1.7.0.jar;C:\Users\toons\.m2\repository\org\mockito\mockito-junit-jupiter\3.6.28\mockito-junit-jupiter-3.6.28.jar;C:\Users\toons\.m2\repository\org\mockito\mockito-core\3.6.28\mockito-core-3.6.28.jar;C:\Users\toons\.m2\repository\net\bytebuddy\byte-buddy\1.10.18\byte-buddy-1.10.18.jar;C:\Users\toons\.m2\repository\net\bytebuddy\byte-buddy-agent\1.10.18\byte-buddy-agent-1.10.18.jar;C:\Users\toons\.m2\repository\org\objenesis\objenesis\3.1\objenesis-3.1.jar;C:\Users\toons\.m2\repository\org\junit\jupiter\junit-jupiter-params\5.7.1\junit-jupiter-params-5.7.1.jar;"/>
    <property name="java.vm.vendor" value="Oracle Corporation"/>
    <property name="sun.arch.data.model" value="64"/>
    <property name="user.variant" value=""/>
    <property name="java.vendor.url" value="https://java.oracle.com/"/>
    <property name="user.timezone" value="America/Sao_Paulo"/>
    <property name="os.name" value="Windows 10"/>
    <property name="java.vm.specification.version" value="16"/>
    <property name="sun.java.launcher" value="SUN_STANDARD"/>
    <property name="user.country" value="BR"/>
    <property name="sun.boot.library.path" value="C:\Program Files\Java\jdk-16\bin"/>
    <property name="sun.java.command" value="C:\Users\toons\AppData\Local\Temp\surefire3431939669418391888\surefirebooter16953670236431981050.jar C:\Users\toons\AppData\Local\Temp\surefire3431939669418391888 2021-05-09T22-11-11_916-jvmRun1 surefire16535483056976992603tmp surefire_014788006118537522330tmp"/>
    <property name="jdk.debug" value="release"/>
    <property name="surefire.test.class.path" value="C:\Program Files\JetBrains\IntelliJ IDEA Community Edition 2020.3.2\workspace\udasecurity\nd079-c3-java-application-deployment-projectstarter\starter\catpoint-parent\Security\target\test-classes;C:\Program Files\JetBrains\IntelliJ IDEA Community Edition 2020.3.2\workspace\udasecurity\nd079-c3-java-application-deployment-projectstarter\starter\catpoint-parent\Security\target\classes;C:\Users\toons\.m2\repository\com\miglayout\miglayout\3.5.5\miglayout-3.5.5.jar;C:\Users\toons\.m2\repository\com\google\guava\guava\13.0-rc1\guava-13.0-rc1.jar;C:\Users\toons\.m2\repository\com\google\code\gson\gson\2.8.5\gson-2.8.5.jar;C:\Program Files\JetBrains\IntelliJ IDEA Community Edition 2020.3.2\workspace\udasecurity\nd079-c3-java-application-deployment-projectstarter\starter\catpoint-parent\Image\target\classes;C:\Users\toons\.m2\repository\software\amazon\awssdk\auth\2.15.0\auth-2.15.0.jar;C:\Users\toons\.m2\repository\software\amazon\awssdk\annotations\2.15.0\annotations-2.15.0.jar;C:\Users\toons\.m2\repository\software\amazon\awssdk\utils\2.15.0\utils-2.15.0.jar;C:\Users\toons\.m2\repository\org\reactivestreams\reactive-streams\1.0.2\reactive-streams-1.0.2.jar;C:\Users\toons\.m2\repository\org\slf4j\slf4j-api\1.7.28\slf4j-api-1.7.28.jar;C:\Users\toons\.m2\repository\software\amazon\awssdk\sdk-core\2.15.0\sdk-core-2.15.0.jar;C:\Users\toons\.m2\repository\com\fasterxml\jackson\core\jackson-core\2.10.4\jackson-core-2.10.4.jar;C:\Users\toons\.m2\repository\software\amazon\awssdk\regions\2.15.0\regions-2.15.0.jar;C:\Users\toons\.m2\repository\com\fasterxml\jackson\core\jackson-annotations\2.10.4\jackson-annotations-2.10.4.jar;C:\Users\toons\.m2\repository\software\amazon\awssdk\profiles\2.15.0\profiles-2.15.0.jar;C:\Users\toons\.m2\repository\software\amazon\awssdk\http-client-spi\2.15.0\http-client-spi-2.15.0.jar;C:\Users\toons\.m2\repository\com\fasterxml\jackson\core\jackson-databind\2.10.4\jackson-databind-2.10.4.jar;C:\Users\toons\.m2\repository\software\amazon\eventstream\eventstream\1.0.1\eventstream-1.0.1.jar;C:\Users\toons\.m2\repository\software\amazon\awssdk\rekognition\2.15.0\rekognition-2.15.0.jar;C:\Users\toons\.m2\repository\software\amazon\awssdk\aws-json-protocol\2.15.0\aws-json-protocol-2.15.0.jar;C:\Users\toons\.m2\repository\software\amazon\awssdk\protocol-core\2.15.0\protocol-core-2.15.0.jar;C:\Users\toons\.m2\repository\software\amazon\awssdk\aws-core\2.15.0\aws-core-2.15.0.jar;C:\Users\toons\.m2\repository\software\amazon\awssdk\metrics-spi\2.15.0\metrics-spi-2.15.0.jar;C:\Users\toons\.m2\repository\software\amazon\awssdk\apache-client\2.15.0\apache-client-2.15.0.jar;C:\Users\toons\.m2\repository\org\apache\httpcomponents\httpclient\4.5.9\httpclient-4.5.9.jar;C:\Users\toons\.m2\repository\commons-logging\commons-logging\1.2\commons-logging-1.2.jar;C:\Users\toons\.m2\repository\commons-codec\commons-codec\1.11\commons-codec-1.11.jar;C:\Users\toons\.m2\repository\org\apache\httpcomponents\httpcore\4.4.11\httpcore-4.4.11.jar;C:\Users\toons\.m2\repository\software\amazon\awssdk\netty-nio-client\2.15.0\netty-nio-client-2.15.0.jar;C:\Users\toons\.m2\repository\io\netty\netty-codec-http\4.1.46.Final\netty-codec-http-4.1.46.Final.jar;C:\Users\toons\.m2\repository\io\netty\netty-codec-http2\4.1.46.Final\netty-codec-http2-4.1.46.Final.jar;C:\Users\toons\.m2\repository\io\netty\netty-codec\4.1.46.Final\netty-codec-4.1.46.Final.jar;C:\Users\toons\.m2\repository\io\netty\netty-transport\4.1.46.Final\netty-transport-4.1.46.Final.jar;C:\Users\toons\.m2\repository\io\netty\netty-resolver\4.1.46.Final\netty-resolver-4.1.46.Final.jar;C:\Users\toons\.m2\repository\io\netty\netty-common\4.1.46.Final\netty-common-4.1.46.Final.jar;C:\Users\toons\.m2\repository\io\netty\netty-buffer\4.1.46.Final\netty-buffer-4.1.46.Final.jar;C:\Users\toons\.m2\repository\io\netty\netty-handler\4.1.46.Final\netty-handler-4.1.46.Final.jar;C:\Users\toons\.m2\repository\io\netty\netty-transport-native-epoll\4.1.46.Final\netty-transport-native-epoll-4.1.46.Final-linux-x86_64.jar;C:\Users\toons\.m2\repository\io\netty\netty-transport-native-unix-common\4.1.46.Final\netty-transport-native-unix-common-4.1.46.Final.jar;C:\Users\toons\.m2\repository\com\typesafe\netty\netty-reactive-streams-http\2.0.4\netty-reactive-streams-http-2.0.4.jar;C:\Users\toons\.m2\repository\com\typesafe\netty\netty-reactive-streams\2.0.4\netty-reactive-streams-2.0.4.jar;C:\Users\toons\.m2\repository\org\junit\jupiter\junit-jupiter-api\5.7.0\junit-jupiter-api-5.7.0.jar;C:\Users\toons\.m2\repository\org\apiguardian\apiguardian-api\1.1.0\apiguardian-api-1.1.0.jar;C:\Users\toons\.m2\repository\org\opentest4j\opentest4j\1.2.0\opentest4j-1.2.0.jar;C:\Users\toons\.m2\repository\org\junit\platform\junit-platform-commons\1.7.0\junit-platform-commons-1.7.0.jar;C:\Users\toons\.m2\repository\org\junit\jupiter\junit-jupiter-engine\5.7.0\junit-jupiter-engine-5.7.0.jar;C:\Users\toons\.m2\repository\org\junit\platform\junit-platform-engine\1.7.0\junit-platform-engine-1.7.0.jar;C:\Users\toons\.m2\repository\org\mockito\mockito-junit-jupiter\3.6.28\mockito-junit-jupiter-3.6.28.jar;C:\Users\toons\.m2\repository\org\mockito\mockito-core\3.6.28\mockito-core-3.6.28.jar;C:\Users\toons\.m2\repository\net\bytebuddy\byte-buddy\1.10.18\byte-buddy-1.10.18.jar;C:\Users\toons\.m2\repository\net\bytebuddy\byte-buddy-agent\1.10.18\byte-buddy-agent-1.10.18.jar;C:\Users\toons\.m2\repository\org\objenesis\objenesis\3.1\objenesis-3.1.jar;C:\Users\toons\.m2\repository\org\junit\jupiter\junit-jupiter-params\5.7.1\junit-jupiter-params-5.7.1.jar;"/>
    <property name="sun.cpu.endian" value="little"/>
    <property name="user.home" value="C:\Users\toons"/>
    <property name="user.language" value="pt"/>
    <property name="java.specification.vendor" value="Oracle Corporation"/>
    <property name="java.version.date" value="2021-03-16"/>
    <property name="java.home" value="C:\Program Files\Java\jdk-16"/>
    <property name="file.separator" value="\"/>
    <property name="basedir" value="C:\Program Files\JetBrains\IntelliJ IDEA Community Edition 2020.3.2\workspace\udasecurity\nd079-c3-java-application-deployment-projectstarter\starter\catpoint-parent\Security"/>
    <property name="java.vm.compressedOopsMode" value="Zero based"/>
    <property name="line.separator" value="&#10;"/>
    <property name="java.vm.specification.vendor" value="Oracle Corporation"/>
    <property name="java.specification.name" value="Java Platform API Specification"/>
    <property name="surefire.real.class.path" value="C:\Users\toons\AppData\Local\Temp\surefire3431939669418391888\surefirebooter16953670236431981050.jar"/>
    <property name="user.script" value=""/>
    <property name="sun.management.compiler" value="HotSpot 64-Bit Tiered Compilers"/>
    <property name="java.runtime.version" value="16+36-2231"/>
    <property name="user.name" value="toons"/>
    <property name="path.separator" value=";"/>
    <property name="os.version" value="10.0"/>
    <property name="java.runtime.name" value="Java(TM) SE Runtime Environment"/>
    <property name="file.encoding" value="Cp1252"/>
    <property name="java.vm.name" value="Java HotSpot(TM) 64-Bit Server VM"/>
    <property name="localRepository" value="C:\Users\toons\.m2\repository"/>
    <property name="java.vendor.url.bug" value="https://bugreport.java.com/bugreport/"/>
    <property name="java.io.tmpdir" value="C:\Users\toons\AppData\Local\Temp\"/>
    <property name="java.version" value="16"/>
    <property name="user.dir" value="C:\Program Files\JetBrains\IntelliJ IDEA Community Edition 2020.3.2\workspace\udasecurity\nd079-c3-java-application-deployment-projectstarter\starter\catpoint-parent\Security"/>
    <property name="os.arch" value="amd64"/>
    <property name="java.vm.specification.name" value="Java Virtual Machine Specification"/>
    <property name="sun.os.patch.level" value=""/>
    <property name="java.library.path" value="C:\Program Files\Java\jdk-16\bin;C:\WINDOWS\Sun\Java\bin;C:\WINDOWS\system32;C:\WINDOWS;C:\Python39\Scripts\;C:\Python39\;C:\Program Files\Common Files\Oracle\Java\javapath;C:\Python38\Scripts\;C:\Python38\;C:\Program Files (x86)\Common Files\Oracle\Java\javapath;C:\Program Files\Java\jdk-16\bin;F:\dev\tools\apache-tomcat-10.0.5\bin;C:\WINDOWS\system32;C:\WINDOWS;C:\WINDOWS\System32\Wbem;C:\WINDOWS\System32\WindowsPowerShell\v1.0\;C:\WINDOWS\System32\OpenSSH\;C:\Program Files\OpenVPN\bin;F:\xampp\php;F:\Composer;C:\ProgramData\chocolatey\bin;C:\Program Files\PuTTY\;F:\Git\cmd;F:\NodeJS\;F:\Maven\apache-maven-3.8.1\bin;C:\Program Files\Docker\Docker\resources\bin;C:\ProgramData\DockerDesktop\version-bin;C:\Users\toons\AppData\Local\Microsoft\WindowsApps;C:\Users\toons\AppData\Local\Programs\Microsoft VS Code\bin;C:\Users\toons\AppData\Roaming\Composer\vendor\bin;F:\PyCharm\PyCharm Community Edition 2020.1.3\bin;C:\Users\toons\AppData\Local\GitHubDesktop\bin;C:\Program Files\JetBrains\IntelliJ IDEA Community Edition 2020.3.2\bin;C:\Users\toons\AppData\Roaming\npm;F:\heroku\bin;."/>
    <property name="java.vm.info" value="mixed mode, sharing"/>
    <property name="java.vendor" value="Oracle Corporation"/>
    <property name="java.vm.version" value="16+36-2231"/>
    <property name="sun.io.unicode.encoding" value="UnicodeLittle"/>
    <property name="java.class.version" value="60.0"/>
  </properties>
  <testcase name="ifSensorDeactivatedWhileInactive_noChangesToAlarmState(AlarmStatus)[1]" classname="com.udacity.catpoint.security.service.SecurityServiceTest" time="1.015"/>
  <testcase name="ifSensorDeactivatedWhileInactive_noChangesToAlarmState(AlarmStatus)[2]" classname="com.udacity.catpoint.security.service.SecurityServiceTest" time="0.003"/>
  <testcase name="ifSensorDeactivatedWhileInactive_noChangesToAlarmState(AlarmStatus)[3]" classname="com.udacity.catpoint.security.service.SecurityServiceTest" time="0.004"/>
  <testcase name="ifPendingAlarmAndSensorInactive_returnNoAlarmState" classname="com.udacity.catpoint.security.service.SecurityServiceTest" time="0.008"/>
  <testcase name="ifImageServiceIdentifiesNoCatImage_changeStatusToNoAlarmAsLongSensorsNotActive" classname="com.udacity.catpoint.security.service.SecurityServiceTest" time="0.01"/>
  <testcase name="ifSystemArmed_resetSensorsToInactive(ArmingStatus)[1]" classname="com.udacity.catpoint.security.service.SecurityServiceTest" time="0.014"/>
  <testcase name="ifSystemArmed_resetSensorsToInactive(ArmingStatus)[2]" classname="com.udacity.catpoint.security.service.SecurityServiceTest" time="0.006"/>
  <testcase name="ifSystemDisarmed_setNoAlarmState" classname="com.udacity.catpoint.security.service.SecurityServiceTest" time="0.002"/>
  <testcase name="ifAlarmArmedAndSensorActivatedAndPendingState_changeStatusToAlarm" classname="com.udacity.catpoint.security.service.SecurityServiceTest" time="0.004"/>
  <testcase name="addAndRemoveSensor" classname="com.udacity.catpoint.security.service.SecurityServiceTest" time="0.002"/>
  <testcase name="ifSystemArmedAndSensorActivated_changeStatusToPending" classname="com.udacity.catpoint.security.service.SecurityServiceTest" time="0.003"/>
  <testcase name="ifAlarmIsActive_changeSensorShouldNotAffectAlarmState(boolean)[1]" classname="com.udacity.catpoint.security.service.SecurityServiceTest" time="0.005"/>
  <testcase name="ifAlarmIsActive_changeSensorShouldNotAffectAlarmState(boolean)[2]" classname="com.udacity.catpoint.security.service.SecurityServiceTest" time="0.004"/>
  <testcase name="addAndRemoveStatusListener" classname="com.udacity.catpoint.security.service.SecurityServiceTest" time="0.002"/>
  <testcase name="ifSystemDisarmedAndSensorActivated_noChangesToArmingState(AlarmStatus)[1]" classname="com.udacity.catpoint.security.service.SecurityServiceTest" time="0.003"/>
  <testcase name="ifSystemDisarmedAndSensorActivated_noChangesToArmingState(AlarmStatus)[2]" classname="com.udacity.catpoint.security.service.SecurityServiceTest" time="0.005"/>
  <testcase name="ifSensorActivatedWhileActiveAndPendingAlarm_changeStatusToAlarm" classname="com.udacity.catpoint.security.service.SecurityServiceTest" time="0.004"/>
  <testcase name="ifAlarmStateAndSystemDisarmed_changeStatusToPending" classname="com.udacity.catpoint.security.service.SecurityServiceTest" time="0.003"/>
  <testcase name="ifImageServiceIdentifiesCatWhileAlarmArmedHome_changeStatusToAlarm" classname="com.udacity.catpoint.security.service.SecurityServiceTest" time="0.004"/>
  <testcase name="ifSystemArmedHomeWhileImageServiceIdentifiesCat_changeStatusToAlarm" classname="com.udacity.catpoint.security.service.SecurityServiceTest" time="0.003"/>
</testsuite>